==666212== Memcheck, a memory error detector
==666212== Copyright (C) 2002-2017, and GNU GPL'd, by Julian Seward et al.
==666212== Using Valgrind-3.18.1 and LibVEX; rerun with -h for copyright info
==666212== Command: /usr/bin/cat Makefile
==666212== Parent PID: 666148
====666148== 
==666148== FILE DESCRIPTORS: 4 open (3 std) at exit.
==666148== Open file descriptor 3: /home/cdesjars/Documents/42_submit/3rd_cercle/minishell_vf/valgrind.log
==666148==    <inherited from parent>
==666148== 
==666148== 
==666148== HEAP SUMMARY:
==666148==     in use at exit: 208,414 bytes in 237 blocks
==666148==   total heap usage: 646 allocs, 409 frees, 269,068 bytes allocated
==666148== 
==666148== 8 bytes in 1 blocks are still reachable in loss record 1 of 66
==666148==    at 0x4848899: malloc (in /usr/libexec/valgrind/vgpreload_memcheck-amd64-linux.so)
==666148==    by 0x497158E: strdup (strdup.c:42)
==666148==    by 0x4B0FD17: _nc_trim_sgr0 (in /usr/lib/x86_64-linux-gnu/libtinfo.so.6.3)
==666148==    by 0x4B0E6A8: tgetent_sp (in /usr/lib/x86_64-linux-gnu/libtinfo.so.6.3)
==666148==    by 0x48AA1CD: _rl_init_terminal_io (in /usr/lib/x86_64-linux-gnu/libreadline.so.8.1)
==666148==    by 0x4896A0F: rl_initialize (in /usr/lib/x86_64-linux-gnu/libreadline.so.8.1)
==666148==    by 0x4896CD4: readline (in /usr/lib/x86_64-linux-gnu/libreadline.so.8.1)
==666148==    by 0x40138F: ft_program (in /home/cdesjars/Documents/42_submit/3rd_cercle/minishell_vf/minishell)
==666148==    by 0x40134A: main (in /home/cdesjars/Documents/42_submit/3rd_cercle/minishell_vf/minishell)
==666148== 
==666148== 8 bytes in 1 blocks are still reachable in loss record 2 of 66
==666148==    at 0x484DCD3: realloc (in /usr/libexec/valgrind/vgpreload_memcheck-amd64-linux.so)
==666148==    by 0x48AF491: xrealloc (in /usr/lib/x86_64-linux-gnu/libreadline.so.8.1)
==666148==    by 0x489B626: ??? (in /usr/lib/x86_64-linux-gnu/libreadline.so.8.1)
==666148==    by 0x489BE0D: rl_expand_prompt (in /usr/lib/x86_64-linux-gnu/libreadline.so.8.1)
==666148==    by 0x488B1BF: rl_set_prompt (in /usr/lib/x86_64-linux-gnu/libreadline.so.8.1)
==666148==    by 0x4896CCF: readline (in /usr/lib/x86_64-linux-gnu/libreadline.so.8.1)
==666148==    by 0x40138F: ft_program (in /home/cdesjars/Documents/42_submit/3rd_cercle/minishell_vf/minishell)
==666148==    by 0x40134A: main (in /home/cdesjars/Documents/42_submit/3rd_cercle/minishell_vf/minishell)
==666148== 
==666148== 11 bytes in 1 blocks are still reachable in loss record 3 of 66
==666148==    at 0x4848899: malloc (in /usr/libexec/valgrind/vgpreload_memcheck-amd64-linux.so)
==666148==    by 0x48AEBAC: xmalloc (in /usr/lib/x86_64-linux-gnu/libreadline.so.8.1)
==666148==    by 0x488B1E3: rl_set_prompt (in /usr/lib/x86_64-linux-gnu/libreadline.so.8.1)
==666148==    by 0x4896CCF: readline (in /usr/lib/x86_64-linux-gnu/libreadline.so.8.1)
==666148==    by 0x40138F: ft_program (in /home/cdesjars/Documents/42_submit/3rd_cercle/minishell_vf/minishell)
==666148==    by 0x40134A: main (in /home/cdesjars/Documents/42_submit/3rd_cercle/minishell_vf/minishell)
==666148== 
==666148== 11 bytes in 1 blocks are still reachable in loss record 4 of 66
==666148==    at 0x4848899: malloc (in /usr/libexec/valgrind/vgpreload_memcheck-amd64-linux.so)
==666148==    by 0x48AEBAC: xmalloc (in /usr/lib/x86_64-linux-gnu/libreadline.so.8.1)
==666148==    by 0x489B5F2: ??? (in /usr/lib/x86_64-linux-gnu/libreadline.so.8.1)
==666148==    by 0x489BE0D: rl_expand_prompt (in /usr/lib/x86_64-linux-gnu/libreadline.so.8.1)
==666148==    by 0x488B1BF: rl_set_prompt (in /usr/lib/x86_64-linux-gnu/libreadline.so.8.1)
==666148==    by 0x4896CCF: readline (in /usr/lib/x86_64-linux-gnu/libreadline.so.8.1)
==666148==    by 0x40138F: ft_program (in /home/cdesjars/Documents/42_submit/3rd_cercle/minishell_vf/minishell)
==666148==    by 0x40134A: main (in /home/cdesjars/Documents/42_submit/3rd_cercle/minishell_vf/minishell)
==666148== 
==666148== 13 bytes in 1 blocks are still reachable in loss record 5 of 66
==666148==    at 0x4848899: malloc (in /usr/libexec/valgrind/vgpreload_memcheck-amd64-linux.so)
==666148==    by 0x48AEBAC: xmalloc (in /usr/lib/x86_64-linux-gnu/libreadline.so.8.1)
==666148==    by 0x489CBF5: ??? (in /usr/lib/x86_64-linux-gnu/libreadline.so.8.1)
==666148==    by 0x4896A38: rl_initialize (in /usr/lib/x86_64-linux-gnu/libreadline.so.8.1)
==666148==    by 0x4896CD4: readline (in /usr/lib/x86_64-linux-gnu/libreadline.so.8.1)
==666148==    by 0x40138F: ft_program (in /home/cdesjars/Documents/42_submit/3rd_cercle/minishell_vf/minishell)
==666148==    by 0x40134A: main (in /home/cdesjars/Documents/42_submit/3rd_cercle/minishell_vf/minishell)
==666148== 
==666148== 14 bytes in 1 blocks are still reachable in loss record 6 of 66
==666148==    at 0x484DCD3: realloc (in /usr/libexec/valgrind/vgpreload_memcheck-amd64-linux.so)
==666148==    by 0x4B026CC: _nc_doalloc (in /usr/lib/x86_64-linux-gnu/libtinfo.so.6.3)
==666148==    by 0x4B09272: _nc_tiparm (in /usr/lib/x86_64-linux-gnu/libtinfo.so.6.3)
==666148==    by 0x4B0FC7D: ??? (in /usr/lib/x86_64-linux-gnu/libtinfo.so.6.3)
==666148==    by 0x4B0FD09: _nc_trim_sgr0 (in /usr/lib/x86_64-linux-gnu/libtinfo.so.6.3)
==666148==    by 0x4B0E6A8: tgetent_sp (in /usr/lib/x86_64-linux-gnu/libtinfo.so.6.3)
==666148==    by 0x48AA1CD: _rl_init_terminal_io (in /usr/lib/x86_64-linux-gnu/libreadline.so.8.1)
==666148==    by 0x4896A0F: rl_initialize (in /usr/lib/x86_64-linux-gnu/libreadline.so.8.1)
==666148==    by 0x4896CD4: readline (in /usr/lib/x86_64-linux-gnu/libreadline.so.8.1)
==666148==    by 0x40138F: ft_program (in /home/cdesjars/Documents/42_submit/3rd_cercle/minishell_vf/minishell)
==666148==    by 0x40134A: main (in /home/cdesjars/Documents/42_submit/3rd_cercle/minishell_vf/minishell)
==666148== 
==666148== 15 bytes in 1 blocks are still reachable in loss record 7 of 66
==666148==    at 0x4848899: malloc (in /usr/libexec/valgrind/vgpreload_memcheck-amd64-linux.so)
==666148==    by 0x497158E: strdup (strdup.c:42)
==666148==    by 0x4B01377: ??? (in /usr/lib/x86_64-linux-gnu/libtinfo.so.6.3)
==666148==    by 0x4B03BF8: _nc_first_db (in /usr/lib/x86_64-linux-gnu/libtinfo.so.6.3)
==666148==    by 0x4B0D696: _nc_read_entry2 (in /usr/lib/x86_64-linux-gnu/libtinfo.so.6.3)
==666148==    by 0x4B0D711: ??? (in /usr/lib/x86_64-linux-gnu/libtinfo.so.6.3)
==666148==    by 0x4B0D866: _nc_setupterm (in /usr/lib/x86_64-linux-gnu/libtinfo.so.6.3)
==666148==    by 0x4B0E4C9: tgetent_sp (in /usr/lib/x86_64-linux-gnu/libtinfo.so.6.3)
==666148==    by 0x48AA1CD: _rl_init_terminal_io (in /usr/lib/x86_64-linux-gnu/libreadline.so.8.1)
==666148==    by 0x4896A0F: rl_initialize (in /usr/lib/x86_64-linux-gnu/libreadline.so.8.1)
==666148==    by 0x4896CD4: readline (in /usr/lib/x86_64-linux-gnu/libreadline.so.8.1)
==666148==    by 0x40138F: ft_program (in /home/cdesjars/Documents/42_submit/3rd_cercle/minishell_vf/minishell)
==666148== 
==666148== 15 bytes in 1 blocks are still reachable in loss record 8 of 66
==666148==    at 0x4848899: malloc (in /usr/libexec/valgrind/vgpreload_memcheck-amd64-linux.so)
==666148==    by 0x497158E: strdup (strdup.c:42)
==666148==    by 0x4B0D8AE: _nc_setupterm (in /usr/lib/x86_64-linux-gnu/libtinfo.so.6.3)
==666148==    by 0x4B0E4C9: tgetent_sp (in /usr/lib/x86_64-linux-gnu/libtinfo.so.6.3)
==666148==    by 0x48AA1CD: _rl_init_terminal_io (in /usr/lib/x86_64-linux-gnu/libreadline.so.8.1)
==666148==    by 0x4896A0F: rl_initialize (in /usr/lib/x86_64-linux-gnu/libreadline.so.8.1)
==666148==    by 0x4896CD4: readline (in /usr/lib/x86_64-linux-gnu/libreadline.so.8.1)
==666148==    by 0x40138F: ft_program (in /home/cdesjars/Documents/42_submit/3rd_cercle/minishell_vf/minishell)
==666148==    by 0x40134A: main (in /home/cdesjars/Documents/42_submit/3rd_cercle/minishell_vf/minishell)
==666148== 
==666148== 16 bytes in 1 blocks are still reachable in loss record 9 of 66
==666148==    at 0x4848899: malloc (in /usr/libexec/valgrind/vgpreload_memcheck-amd64-linux.so)
==666148==    by 0x4896B26: rl_initialize (in /usr/lib/x86_64-linux-gnu/libreadline.so.8.1)
==666148==    by 0x4896CD4: readline (in /usr/lib/x86_64-linux-gnu/libreadline.so.8.1)
==666148==    by 0x40138F: ft_program (in /home/cdesjars/Documents/42_submit/3rd_cercle/minishell_vf/minishell)
==666148==    by 0x40134A: main (in /home/cdesjars/Documents/42_submit/3rd_cercle/minishell_vf/minishell)
==666148== 
==666148== 20 bytes in 1 blocks are still reachable in loss record 10 of 66
==666148==    at 0x4848899: malloc (in /usr/libexec/valgrind/vgpreload_memcheck-amd64-linux.so)
==666148==    by 0x48AEBAC: xmalloc (in /usr/lib/x86_64-linux-gnu/libreadline.so.8.1)
==666148==    by 0x4899D8B: ??? (in /usr/lib/x86_64-linux-gnu/libreadline.so.8.1)
==666148==    by 0x489C6C9: rl_parse_and_bind (in /usr/lib/x86_64-linux-gnu/libreadline.so.8.1)
==666148==    by 0x489CB6C: ??? (in /usr/lib/x86_64-linux-gnu/libreadline.so.8.1)
==666148==    by 0x4896A38: rl_initialize (in /usr/lib/x86_64-linux-gnu/libreadline.so.8.1)
==666148==    by 0x4896CD4: readline (in /usr/lib/x86_64-linux-gnu/libreadline.so.8.1)
==666148==    by 0x40138F: ft_program (in /home/cdesjars/Documents/42_submit/3rd_cercle/minishell_vf/minishell)
==666148==    by 0x40134A: main (in /home/cdesjars/Documents/42_submit/3rd_cercle/minishell_vf/minishell)
==666148== 
==666148== 24 bytes in 1 blocks are still reachable in loss record 11 of 66
==666148==    at 0x4848899: malloc (in /usr/libexec/valgrind/vgpreload_memcheck-amd64-linux.so)
==666148==    by 0x49E8FA4: tsearch (tsearch.c:337)
==666148==    by 0x4B05D6E: ??? (in /usr/lib/x86_64-linux-gnu/libtinfo.so.6.3)
==666148==    by 0x4B09098: _nc_tiparm (in /usr/lib/x86_64-linux-gnu/libtinfo.so.6.3)
==666148==    by 0x4B0FC7D: ??? (in /usr/lib/x86_64-linux-gnu/libtinfo.so.6.3)
==666148==    by 0x4B0FD09: _nc_trim_sgr0 (in /usr/lib/x86_64-linux-gnu/libtinfo.so.6.3)
==666148==    by 0x4B0E6A8: tgetent_sp (in /usr/lib/x86_64-linux-gnu/libtinfo.so.6.3)
==666148==    by 0x48AA1CD: _rl_init_terminal_io (in /usr/lib/x86_64-linux-gnu/libreadline.so.8.1)
==666148==    by 0x4896A0F: rl_initialize (in /usr/lib/x86_64-linux-gnu/libreadline.so.8.1)
==666148==    by 0x4896CD4: readline (in /usr/lib/x86_64-linux-gnu/libreadline.so.8.1)
==666148==    by 0x40138F: ft_program (in /home/cdesjars/Documents/42_submit/3rd_cercle/minishell_vf/minishell)
==666148==    by 0x40134A: main (in /home/cdesjars/Documents/42_submit/3rd_cercle/minishell_vf/minishell)
==666148== 
==666148== 27 bytes in 1 blocks are still reachable in loss record 12 of 66
==666148==    at 0x4848899: malloc (in /usr/libexec/valgrind/vgpreload_memcheck-amd64-linux.so)
==666148==    by 0x4B03624: _nc_home_terminfo (in /usr/lib/x86_64-linux-gnu/libtinfo.so.6.3)
==666148==    by 0x4B03BE2: _nc_first_db (in /usr/lib/x86_64-linux-gnu/libtinfo.so.6.3)
==666148==    by 0x4B0D696: _nc_read_entry2 (in /usr/lib/x86_64-linux-gnu/libtinfo.so.6.3)
==666148==    by 0x4B0D711: ??? (in /usr/lib/x86_64-linux-gnu/libtinfo.so.6.3)
==666148==    by 0x4B0D866: _nc_setupterm (in /usr/lib/x86_64-linux-gnu/libtinfo.so.6.3)
==666148==    by 0x4B0E4C9: tgetent_sp (in /usr/lib/x86_64-linux-gnu/libtinfo.so.6.3)
==666148==    by 0x48AA1CD: _rl_init_terminal_io (in /usr/lib/x86_64-linux-gnu/libreadline.so.8.1)
==666148==    by 0x4896A0F: rl_initialize (in /usr/lib/x86_64-linux-gnu/libreadline.so.8.1)
==666148==    by 0x4896CD4: readline (in /usr/lib/x86_64-linux-gnu/libreadline.so.8.1)
==666148==    by 0x40138F: ft_program (in /home/cdesjars/Documents/42_submit/3rd_cercle/minishell_vf/minishell)
==666148==    by 0x40134A: main (in /home/cdesjars/Documents/42_submit/3rd_cercle/minishell_vf/minishell)
==666148== 
==666148== 46 bytes in 1 blocks are still reachable in loss record 13 of 66
==666148==    at 0x484DCD3: realloc (in /usr/libexec/valgrind/vgpreload_memcheck-amd64-linux.so)
==666148==    by 0x4B026CC: _nc_doalloc (in /usr/lib/x86_64-linux-gnu/libtinfo.so.6.3)
==666148==    by 0x4B0D16F: _nc_read_termtype (in /usr/lib/x86_64-linux-gnu/libtinfo.so.6.3)
==666148==    by 0x4B0D52A: ??? (in /usr/lib/x86_64-linux-gnu/libtinfo.so.6.3)
==666148==    by 0x4B0FC40: ??? (in /usr/lib/x86_64-linux-gnu/libtinfo.so.6.3)
==666148==    by 0x4B0D6BB: _nc_read_entry2 (in /usr/lib/x86_64-linux-gnu/libtinfo.so.6.3)
==666148==    by 0x4B0D711: ??? (in /usr/lib/x86_64-linux-gnu/libtinfo.so.6.3)
==666148==    by 0x4B0D866: _nc_setupterm (in /usr/lib/x86_64-linux-gnu/libtinfo.so.6.3)
==666148==    by 0x4B0E4C9: tgetent_sp (in /usr/lib/x86_64-linux-gnu/libtinfo.so.6.3)
==666148==    by 0x48AA1CD: _rl_init_terminal_io (in /usr/lib/x86_64-linux-gnu/libreadline.so.8.1)
==666148==    by 0x4896A0F: rl_initialize (in /usr/lib/x86_64-linux-gnu/libreadline.so.8.1)
==666148==    by 0x4896CD4: readline (in /usr/lib/x86_64-linux-gnu/libreadline.so.8.1)
==666148== 
==666148== 46 bytes in 1 blocks are still reachable in loss record 14 of 66
==666148==    at 0x4848899: malloc (in /usr/libexec/valgrind/vgpreload_memcheck-amd64-linux.so)
==666148==    by 0x4B01FDE: ??? (in /usr/lib/x86_64-linux-gnu/libtinfo.so.6.3)
==666148==    by 0x4B0D87D: _nc_setupterm (in /usr/lib/x86_64-linux-gnu/libtinfo.so.6.3)
==666148==    by 0x4B0E4C9: tgetent_sp (in /usr/lib/x86_64-linux-gnu/libtinfo.so.6.3)
==666148==    by 0x48AA1CD: _rl_init_terminal_io (in /usr/lib/x86_64-linux-gnu/libreadline.so.8.1)
==666148==    by 0x4896A0F: rl_initialize (in /usr/lib/x86_64-linux-gnu/libreadline.so.8.1)
==666148==    by 0x4896CD4: readline (in /usr/lib/x86_64-linux-gnu/libreadline.so.8.1)
==666148==    by 0x40138F: ft_program (in /home/cdesjars/Documents/42_submit/3rd_cercle/minishell_vf/minishell)
==666148==    by 0x40134A: main (in /home/cdesjars/Documents/42_submit/3rd_cercle/minishell_vf/minishell)
==666148== 
==666148== 48 bytes in 1 blocks are still reachable in loss record 15 of 66
==666148==    at 0x484DA83: calloc (in /usr/libexec/valgrind/vgpreload_memcheck-amd64-linux.so)
==666148==    by 0x4B03833: _nc_first_db (in /usr/lib/x86_64-linux-gnu/libtinfo.so.6.3)
==666148==    by 0x4B0D696: _nc_read_entry2 (in /usr/lib/x86_64-linux-gnu/libtinfo.so.6.3)
==666148==    by 0x4B0D711: ??? (in /usr/lib/x86_64-linux-gnu/libtinfo.so.6.3)
==666148==    by 0x4B0D866: _nc_setupterm (in /usr/lib/x86_64-linux-gnu/libtinfo.so.6.3)
==666148==    by 0x4B0E4C9: tgetent_sp (in /usr/lib/x86_64-linux-gnu/libtinfo.so.6.3)
==666148==    by 0x48AA1CD: _rl_init_terminal_io (in /usr/lib/x86_64-linux-gnu/libreadline.so.8.1)
==666148==    by 0x4896A0F: rl_initialize (in /usr/lib/x86_64-linux-gnu/libreadline.so.8.1)
==666148==    by 0x4896CD4: readline (in /usr/lib/x86_64-linux-gnu/libreadline.so.8.1)
==666148==    by 0x40138F: ft_program (in /home/cdesjars/Documents/42_submit/3rd_cercle/minishell_vf/minishell)
==666148==    by 0x40134A: main (in /home/cdesjars/Documents/42_submit/3rd_cercle/minishell_vf/minishell)
==666148== 
==666148== 55 bytes in 5 blocks are still reachable in loss record 16 of 66
==666148==    at 0x4848899: malloc (in /usr/libexec/valgrind/vgpreload_memcheck-amd64-linux.so)
==666148==    by 0x48AEBAC: xmalloc (in /usr/lib/x86_64-linux-gnu/libreadline.so.8.1)
==666148==    by 0x48A5B39: alloc_history_entry (in /usr/lib/x86_64-linux-gnu/libreadline.so.8.1)
==666148==    by 0x48A7F65: add_history (in /usr/lib/x86_64-linux-gnu/libreadline.so.8.1)
==666148==    by 0x4013F2: ft_program (in /home/cdesjars/Documents/42_submit/3rd_cercle/minishell_vf/minishell)
==666148==    by 0x40134A: main (in /home/cdesjars/Documents/42_submit/3rd_cercle/minishell_vf/minishell)
==666148== 
==666148== 60 bytes in 5 blocks are still reachable in loss record 17 of 66
==666148==    at 0x4848899: malloc (in /usr/libexec/valgrind/vgpreload_memcheck-amd64-linux.so)
==666148==    by 0x48AEBAC: xmalloc (in /usr/lib/x86_64-linux-gnu/libreadline.so.8.1)
==666148==    by 0x48A7F28: add_history (in /usr/lib/x86_64-linux-gnu/libreadline.so.8.1)
==666148==    by 0x4013F2: ft_program (in /home/cdesjars/Documents/42_submit/3rd_cercle/minishell_vf/minishell)
==666148==    by 0x40134A: main (in /home/cdesjars/Documents/42_submit/3rd_cercle/minishell_vf/minishell)
==666148== 
==666148== 78 bytes in 1 blocks are still reachable in loss record 18 of 66
==666148==    at 0x4848899: malloc (in /usr/libexec/valgrind/vgpreload_memcheck-amd64-linux.so)
==666148==    by 0x4B0204B: ??? (in /usr/lib/x86_64-linux-gnu/libtinfo.so.6.3)
==666148==    by 0x4B0D87D: _nc_setupterm (in /usr/lib/x86_64-linux-gnu/libtinfo.so.6.3)
==666148==    by 0x4B0E4C9: tgetent_sp (in /usr/lib/x86_64-linux-gnu/libtinfo.so.6.3)
==666148==    by 0x48AA1CD: _rl_init_terminal_io (in /usr/lib/x86_64-linux-gnu/libreadline.so.8.1)
==666148==    by 0x4896A0F: rl_initialize (in /usr/lib/x86_64-linux-gnu/libreadline.so.8.1)
==666148==    by 0x4896CD4: readline (in /usr/lib/x86_64-linux-gnu/libreadline.so.8.1)
==666148==    by 0x40138F: ft_program (in /home/cdesjars/Documents/42_submit/3rd_cercle/minishell_vf/minishell)
==666148==    by 0x40134A: main (in /home/cdesjars/Documents/42_submit/3rd_cercle/minishell_vf/minishell)
==666148== 
==666148== 93 bytes in 1 blocks are still reachable in loss record 19 of 66
==666148==    at 0x4848899: malloc (in /usr/libexec/valgrind/vgpreload_memcheck-amd64-linux.so)
==666148==    by 0x497158E: strdup (strdup.c:42)
==666148==    by 0x4B05D54: ??? (in /usr/lib/x86_64-linux-gnu/libtinfo.so.6.3)
==666148==    by 0x4B09098: _nc_tiparm (in /usr/lib/x86_64-linux-gnu/libtinfo.so.6.3)
==666148==    by 0x4B0FC7D: ??? (in /usr/lib/x86_64-linux-gnu/libtinfo.so.6.3)
==666148==    by 0x4B0FD09: _nc_trim_sgr0 (in /usr/lib/x86_64-linux-gnu/libtinfo.so.6.3)
==666148==    by 0x4B0E6A8: tgetent_sp (in /usr/lib/x86_64-linux-gnu/libtinfo.so.6.3)
==666148==    by 0x48AA1CD: _rl_init_terminal_io (in /usr/lib/x86_64-linux-gnu/libreadline.so.8.1)
==666148==    by 0x4896A0F: rl_initialize (in /usr/lib/x86_64-linux-gnu/libreadline.so.8.1)
==666148==    by 0x4896CD4: readline (in /usr/lib/x86_64-linux-gnu/libreadline.so.8.1)
==666148==    by 0x40138F: ft_program (in /home/cdesjars/Documents/42_submit/3rd_cercle/minishell_vf/minishell)
==666148==    by 0x40134A: main (in /home/cdesjars/Documents/42_submit/3rd_cercle/minishell_vf/minishell)
==666148== 
==666148== 94 bytes in 1 blocks are still reachable in loss record 20 of 66
==666148==    at 0x4848899: malloc (in /usr/libexec/valgrind/vgpreload_memcheck-amd64-linux.so)
==666148==    by 0x4B0595B: _nc_tparm_analyze (in /usr/lib/x86_64-linux-gnu/libtinfo.so.6.3)
==666148==    by 0x4B05C62: ??? (in /usr/lib/x86_64-linux-gnu/libtinfo.so.6.3)
==666148==    by 0x4B09098: _nc_tiparm (in /usr/lib/x86_64-linux-gnu/libtinfo.so.6.3)
==666148==    by 0x4B0FC7D: ??? (in /usr/lib/x86_64-linux-gnu/libtinfo.so.6.3)
==666148==    by 0x4B0FD09: _nc_trim_sgr0 (in /usr/lib/x86_64-linux-gnu/libtinfo.so.6.3)
==666148==    by 0x4B0E6A8: tgetent_sp (in /usr/lib/x86_64-linux-gnu/libtinfo.so.6.3)
==666148==    by 0x48AA1CD: _rl_init_terminal_io (in /usr/lib/x86_64-linux-gnu/libreadline.so.8.1)
==666148==    by 0x4896A0F: rl_initialize (in /usr/lib/x86_64-linux-gnu/libreadline.so.8.1)
==666148==    by 0x4896CD4: readline (in /usr/lib/x86_64-linux-gnu/libreadline.so.8.1)
==666148==    by 0x40138F: ft_program (in /home/cdesjars/Documents/42_submit/3rd_cercle/minishell_vf/minishell)
==666148==    by 0x40134A: main (in /home/cdesjars/Documents/42_submit/3rd_cercle/minishell_vf/minishell)
==666148== 
==666148== 96 bytes in 1 blocks are still reachable in loss record 21 of 66
==666148==    at 0x4848899: malloc (in /usr/libexec/valgrind/vgpreload_memcheck-amd64-linux.so)
==666148==    by 0x4B0379A: _nc_first_db (in /usr/lib/x86_64-linux-gnu/libtinfo.so.6.3)
==666148==    by 0x4B0D696: _nc_read_entry2 (in /usr/lib/x86_64-linux-gnu/libtinfo.so.6.3)
==666148==    by 0x4B0D711: ??? (in /usr/lib/x86_64-linux-gnu/libtinfo.so.6.3)
==666148==    by 0x4B0D866: _nc_setupterm (in /usr/lib/x86_64-linux-gnu/libtinfo.so.6.3)
==666148==    by 0x4B0E4C9: tgetent_sp (in /usr/lib/x86_64-linux-gnu/libtinfo.so.6.3)
==666148==    by 0x48AA1CD: _rl_init_terminal_io (in /usr/lib/x86_64-linux-gnu/libreadline.so.8.1)
==666148==    by 0x4896A0F: rl_initialize (in /usr/lib/x86_64-linux-gnu/libreadline.so.8.1)
==666148==    by 0x4896CD4: readline (in /usr/lib/x86_64-linux-gnu/libreadline.so.8.1)
==666148==    by 0x40138F: ft_program (in /home/cdesjars/Documents/42_submit/3rd_cercle/minishell_vf/minishell)
==666148==    by 0x40134A: main (in /home/cdesjars/Documents/42_submit/3rd_cercle/minishell_vf/minishell)
==666148== 
==666148== 120 bytes in 5 blocks are still reachable in loss record 22 of 66
==666148==    at 0x4848899: malloc (in /usr/libexec/valgrind/vgpreload_memcheck-amd64-linux.so)
==666148==    by 0x48AEBAC: xmalloc (in /usr/lib/x86_64-linux-gnu/libreadline.so.8.1)
==666148==    by 0x48A5B1D: alloc_history_entry (in /usr/lib/x86_64-linux-gnu/libreadline.so.8.1)
==666148==    by 0x48A7F65: add_history (in /usr/lib/x86_64-linux-gnu/libreadline.so.8.1)
==666148==    by 0x4013F2: ft_program (in /home/cdesjars/Documents/42_submit/3rd_cercle/minishell_vf/minishell)
==666148==    by 0x40134A: main (in /home/cdesjars/Documents/42_submit/3rd_cercle/minishell_vf/minishell)
==666148== 
==666148== 156 bytes in 1 blocks are still reachable in loss record 23 of 66
==666148==    at 0x484DCD3: realloc (in /usr/libexec/valgrind/vgpreload_memcheck-amd64-linux.so)
==666148==    by 0x4B026CC: _nc_doalloc (in /usr/lib/x86_64-linux-gnu/libtinfo.so.6.3)
==666148==    by 0x4B0D197: _nc_read_termtype (in /usr/lib/x86_64-linux-gnu/libtinfo.so.6.3)
==666148==    by 0x4B0D52A: ??? (in /usr/lib/x86_64-linux-gnu/libtinfo.so.6.3)
==666148==    by 0x4B0FC40: ??? (in /usr/lib/x86_64-linux-gnu/libtinfo.so.6.3)
==666148==    by 0x4B0D6BB: _nc_read_entry2 (in /usr/lib/x86_64-linux-gnu/libtinfo.so.6.3)
==666148==    by 0x4B0D711: ??? (in /usr/lib/x86_64-linux-gnu/libtinfo.so.6.3)
==666148==    by 0x4B0D866: _nc_setupterm (in /usr/lib/x86_64-linux-gnu/libtinfo.so.6.3)
==666148==    by 0x4B0E4C9: tgetent_sp (in /usr/lib/x86_64-linux-gnu/libtinfo.so.6.3)
==666148==    by 0x48AA1CD: _rl_init_terminal_io (in /usr/lib/x86_64-linux-gnu/libreadline.so.8.1)
==666148==    by 0x4896A0F: rl_initialize (in /usr/lib/x86_64-linux-gnu/libreadline.so.8.1)
==666148==    by 0x4896CD4: readline (in /usr/lib/x86_64-linux-gnu/libreadline.so.8.1)
==666148== 
==666148== 168 bytes in 1 blocks are still reachable in loss record 24 of 66
==666148==    at 0x484DA83: calloc (in /usr/libexec/valgrind/vgpreload_memcheck-amd64-linux.so)
==666148==    by 0x4B05CCD: ??? (in /usr/lib/x86_64-linux-gnu/libtinfo.so.6.3)
==666148==    by 0x4B09098: _nc_tiparm (in /usr/lib/x86_64-linux-gnu/libtinfo.so.6.3)
==666148==    by 0x4B0FC7D: ??? (in /usr/lib/x86_64-linux-gnu/libtinfo.so.6.3)
==666148==    by 0x4B0FD09: _nc_trim_sgr0 (in /usr/lib/x86_64-linux-gnu/libtinfo.so.6.3)
==666148==    by 0x4B0E6A8: tgetent_sp (in /usr/lib/x86_64-linux-gnu/libtinfo.so.6.3)
==666148==    by 0x48AA1CD: _rl_init_terminal_io (in /usr/lib/x86_64-linux-gnu/libreadline.so.8.1)
==666148==    by 0x4896A0F: rl_initialize (in /usr/lib/x86_64-linux-gnu/libreadline.so.8.1)
==666148==    by 0x4896CD4: readline (in /usr/lib/x86_64-linux-gnu/libreadline.so.8.1)
==666148==    by 0x40138F: ft_program (in /home/cdesjars/Documents/42_submit/3rd_cercle/minishell_vf/minishell)
==666148==    by 0x40134A: main (in /home/cdesjars/Documents/42_submit/3rd_cercle/minishell_vf/minishell)
==666148== 
==666148== 256 bytes in 1 blocks are still reachable in loss record 25 of 66
==666148==    at 0x4848899: malloc (in /usr/libexec/valgrind/vgpreload_memcheck-amd64-linux.so)
==666148==    by 0x48AEBAC: xmalloc (in /usr/lib/x86_64-linux-gnu/libreadline.so.8.1)
==666148==    by 0x4896C86: rl_initialize (in /usr/lib/x86_64-linux-gnu/libreadline.so.8.1)
==666148==    by 0x4896CD4: readline (in /usr/lib/x86_64-linux-gnu/libreadline.so.8.1)
==666148==    by 0x40138F: ft_program (in /home/cdesjars/Documents/42_submit/3rd_cercle/minishell_vf/minishell)
==666148==    by 0x40134A: main (in /home/cdesjars/Documents/42_submit/3rd_cercle/minishell_vf/minishell)
==666148== 
==666148== 608 bytes in 1 blocks are still reachable in loss record 26 of 66
==666148==    at 0x484DA83: calloc (in /usr/libexec/valgrind/vgpreload_memcheck-amd64-linux.so)
==666148==    by 0x4B0D37E: _nc_read_termtype (in /usr/lib/x86_64-linux-gnu/libtinfo.so.6.3)
==666148==    by 0x4B0D52A: ??? (in /usr/lib/x86_64-linux-gnu/libtinfo.so.6.3)
==666148==    by 0x4B0FC40: ??? (in /usr/lib/x86_64-linux-gnu/libtinfo.so.6.3)
==666148==    by 0x4B0D6BB: _nc_read_entry2 (in /usr/lib/x86_64-linux-gnu/libtinfo.so.6.3)
==666148==    by 0x4B0D711: ??? (in /usr/lib/x86_64-linux-gnu/libtinfo.so.6.3)
==666148==    by 0x4B0D866: _nc_setupterm (in /usr/lib/x86_64-linux-gnu/libtinfo.so.6.3)
==666148==    by 0x4B0E4C9: tgetent_sp (in /usr/lib/x86_64-linux-gnu/libtinfo.so.6.3)
==666148==    by 0x48AA1CD: _rl_init_terminal_io (in /usr/lib/x86_64-linux-gnu/libreadline.so.8.1)
==666148==    by 0x4896A0F: rl_initialize (in /usr/lib/x86_64-linux-gnu/libreadline.so.8.1)
==666148==    by 0x4896CD4: readline (in /usr/lib/x86_64-linux-gnu/libreadline.so.8.1)
==666148==    by 0x40138F: ft_program (in /home/cdesjars/Documents/42_submit/3rd_cercle/minishell_vf/minishell)
==666148== 
==666148== 608 bytes in 1 blocks are still reachable in loss record 27 of 66
==666148==    at 0x4848899: malloc (in /usr/libexec/valgrind/vgpreload_memcheck-amd64-linux.so)
==666148==    by 0x4B02119: ??? (in /usr/lib/x86_64-linux-gnu/libtinfo.so.6.3)
==666148==    by 0x4B0D87D: _nc_setupterm (in /usr/lib/x86_64-linux-gnu/libtinfo.so.6.3)
==666148==    by 0x4B0E4C9: tgetent_sp (in /usr/lib/x86_64-linux-gnu/libtinfo.so.6.3)
==666148==    by 0x48AA1CD: _rl_init_terminal_io (in /usr/lib/x86_64-linux-gnu/libreadline.so.8.1)
==666148==    by 0x4896A0F: rl_initialize (in /usr/lib/x86_64-linux-gnu/libreadline.so.8.1)
==666148==    by 0x4896CD4: readline (in /usr/lib/x86_64-linux-gnu/libreadline.so.8.1)
==666148==    by 0x40138F: ft_program (in /home/cdesjars/Documents/42_submit/3rd_cercle/minishell_vf/minishell)
==666148==    by 0x40134A: main (in /home/cdesjars/Documents/42_submit/3rd_cercle/minishell_vf/minishell)
==666148== 
==666148== 760 bytes in 1 blocks are still reachable in loss record 28 of 66
==666148==    at 0x484DA83: calloc (in /usr/libexec/valgrind/vgpreload_memcheck-amd64-linux.so)
==666148==    by 0x4B0D819: _nc_setupterm (in /usr/lib/x86_64-linux-gnu/libtinfo.so.6.3)
==666148==    by 0x4B0E4C9: tgetent_sp (in /usr/lib/x86_64-linux-gnu/libtinfo.so.6.3)
==666148==    by 0x48AA1CD: _rl_init_terminal_io (in /usr/lib/x86_64-linux-gnu/libreadline.so.8.1)
==666148==    by 0x4896A0F: rl_initialize (in /usr/lib/x86_64-linux-gnu/libreadline.so.8.1)
==666148==    by 0x4896CD4: readline (in /usr/lib/x86_64-linux-gnu/libreadline.so.8.1)
==666148==    by 0x40138F: ft_program (in /home/cdesjars/Documents/42_submit/3rd_cercle/minishell_vf/minishell)
==666148==    by 0x40134A: main (in /home/cdesjars/Documents/42_submit/3rd_cercle/minishell_vf/minishell)
==666148== 
==666148== 940 bytes in 1 blocks are still reachable in loss record 29 of 66
==666148==    at 0x4848899: malloc (in /usr/libexec/valgrind/vgpreload_memcheck-amd64-linux.so)
==666148==    by 0x4B0D287: _nc_read_termtype (in /usr/lib/x86_64-linux-gnu/libtinfo.so.6.3)
==666148==    by 0x4B0D52A: ??? (in /usr/lib/x86_64-linux-gnu/libtinfo.so.6.3)
==666148==    by 0x4B0FC40: ??? (in /usr/lib/x86_64-linux-gnu/libtinfo.so.6.3)
==666148==    by 0x4B0D6BB: _nc_read_entry2 (in /usr/lib/x86_64-linux-gnu/libtinfo.so.6.3)
==666148==    by 0x4B0D711: ??? (in /usr/lib/x86_64-linux-gnu/libtinfo.so.6.3)
==666148==    by 0x4B0D866: _nc_setupterm (in /usr/lib/x86_64-linux-gnu/libtinfo.so.6.3)
==666148==    by 0x4B0E4C9: tgetent_sp (in /usr/lib/x86_64-linux-gnu/libtinfo.so.6.3)
==666148==    by 0x48AA1CD: _rl_init_terminal_io (in /usr/lib/x86_64-linux-gnu/libreadline.so.8.1)
==666148==    by 0x4896A0F: rl_initialize (in /usr/lib/x86_64-linux-gnu/libreadline.so.8.1)
==666148==    by 0x4896CD4: readline (in /usr/lib/x86_64-linux-gnu/libreadline.so.8.1)
==666148==    by 0x40138F: ft_program (in /home/cdesjars/Documents/42_submit/3rd_cercle/minishell_vf/minishell)
==666148== 
==666148== 1,024 bytes in 1 blocks are still reachable in loss record 30 of 66
==666148==    at 0x4848899: malloc (in /usr/libexec/valgrind/vgpreload_memcheck-amd64-linux.so)
==666148==    by 0x48AF4A7: xrealloc (in /usr/lib/x86_64-linux-gnu/libreadline.so.8.1)
==666148==    by 0x4898C7B: ??? (in /usr/lib/x86_64-linux-gnu/libreadline.so.8.1)
==666148==    by 0x4898D67: ??? (in /usr/lib/x86_64-linux-gnu/libreadline.so.8.1)
==666148==    by 0x48A1C7E: rl_redisplay (in /usr/lib/x86_64-linux-gnu/libreadline.so.8.1)
==666148==    by 0x488C458: readline_internal_setup (in /usr/lib/x86_64-linux-gnu/libreadline.so.8.1)
==666148==    by 0x4896CF8: readline (in /usr/lib/x86_64-linux-gnu/libreadline.so.8.1)
==666148==    by 0x40138F: ft_program (in /home/cdesjars/Documents/42_submit/3rd_cercle/minishell_vf/minishell)
==666148==    by 0x40134A: main (in /home/cdesjars/Documents/42_submit/3rd_cercle/minishell_vf/minishell)
==666148== 
==666148== 1,024 bytes in 1 blocks are still reachable in loss record 31 of 66
==666148==    at 0x4848899: malloc (in /usr/libexec/valgrind/vgpreload_memcheck-amd64-linux.so)
==666148==    by 0x48AF4A7: xrealloc (in /usr/lib/x86_64-linux-gnu/libreadline.so.8.1)
==666148==    by 0x4898C8B: ??? (in /usr/lib/x86_64-linux-gnu/libreadline.so.8.1)
==666148==    by 0x4898D67: ??? (in /usr/lib/x86_64-linux-gnu/libreadline.so.8.1)
==666148==    by 0x48A1C7E: rl_redisplay (in /usr/lib/x86_64-linux-gnu/libreadline.so.8.1)
==666148==    by 0x488C458: readline_internal_setup (in /usr/lib/x86_64-linux-gnu/libreadline.so.8.1)
==666148==    by 0x4896CF8: readline (in /usr/lib/x86_64-linux-gnu/libreadline.so.8.1)
==666148==    by 0x40138F: ft_program (in /home/cdesjars/Documents/42_submit/3rd_cercle/minishell_vf/minishell)
==666148==    by 0x40134A: main (in /home/cdesjars/Documents/42_submit/3rd_cercle/minishell_vf/minishell)
==666148== 
==666148== 1,024 bytes in 1 blocks are still reachable in loss record 32 of 66
==666148==    at 0x4848899: malloc (in /usr/libexec/valgrind/vgpreload_memcheck-amd64-linux.so)
==666148==    by 0x48AF4A7: xrealloc (in /usr/lib/x86_64-linux-gnu/libreadline.so.8.1)
==666148==    by 0x4898CA2: ??? (in /usr/lib/x86_64-linux-gnu/libreadline.so.8.1)
==666148==    by 0x4898D67: ??? (in /usr/lib/x86_64-linux-gnu/libreadline.so.8.1)
==666148==    by 0x48A1C7E: rl_redisplay (in /usr/lib/x86_64-linux-gnu/libreadline.so.8.1)
==666148==    by 0x488C458: readline_internal_setup (in /usr/lib/x86_64-linux-gnu/libreadline.so.8.1)
==666148==    by 0x4896CF8: readline (in /usr/lib/x86_64-linux-gnu/libreadline.so.8.1)
==666148==    by 0x40138F: ft_program (in /home/cdesjars/Documents/42_submit/3rd_cercle/minishell_vf/minishell)
==666148==    by 0x40134A: main (in /home/cdesjars/Documents/42_submit/3rd_cercle/minishell_vf/minishell)
==666148== 
==666148== 1,024 bytes in 1 blocks are still reachable in loss record 33 of 66
==666148==    at 0x4848899: malloc (in /usr/libexec/valgrind/vgpreload_memcheck-amd64-linux.so)
==666148==    by 0x48AF4A7: xrealloc (in /usr/lib/x86_64-linux-gnu/libreadline.so.8.1)
==666148==    by 0x4898CBB: ??? (in /usr/lib/x86_64-linux-gnu/libreadline.so.8.1)
==666148==    by 0x4898D67: ??? (in /usr/lib/x86_64-linux-gnu/libreadline.so.8.1)
==666148==    by 0x48A1C7E: rl_redisplay (in /usr/lib/x86_64-linux-gnu/libreadline.so.8.1)
==666148==    by 0x488C458: readline_internal_setup (in /usr/lib/x86_64-linux-gnu/libreadline.so.8.1)
==666148==    by 0x4896CF8: readline (in /usr/lib/x86_64-linux-gnu/libreadline.so.8.1)
==666148==    by 0x40138F: ft_program (in /home/cdesjars/Documents/42_submit/3rd_cercle/minishell_vf/minishell)
==666148==    by 0x40134A: main (in /home/cdesjars/Documents/42_submit/3rd_cercle/minishell_vf/minishell)
==666148== 
==666148== 1,024 bytes in 1 blocks are still reachable in loss record 34 of 66
==666148==    at 0x4848899: malloc (in /usr/libexec/valgrind/vgpreload_memcheck-amd64-linux.so)
==666148==    by 0x48AEBAC: xmalloc (in /usr/lib/x86_64-linux-gnu/libreadline.so.8.1)
==666148==    by 0x4898DC5: ??? (in /usr/lib/x86_64-linux-gnu/libreadline.so.8.1)
==666148==    by 0x48A1C7E: rl_redisplay (in /usr/lib/x86_64-linux-gnu/libreadline.so.8.1)
==666148==    by 0x488C458: readline_internal_setup (in /usr/lib/x86_64-linux-gnu/libreadline.so.8.1)
==666148==    by 0x4896CF8: readline (in /usr/lib/x86_64-linux-gnu/libreadline.so.8.1)
==666148==    by 0x40138F: ft_program (in /home/cdesjars/Documents/42_submit/3rd_cercle/minishell_vf/minishell)
==666148==    by 0x40134A: main (in /home/cdesjars/Documents/42_submit/3rd_cercle/minishell_vf/minishell)
==666148== 
==666148== 1,024 bytes in 1 blocks are still reachable in loss record 35 of 66
==666148==    at 0x4848899: malloc (in /usr/libexec/valgrind/vgpreload_memcheck-amd64-linux.so)
==666148==    by 0x48AEBAC: xmalloc (in /usr/lib/x86_64-linux-gnu/libreadline.so.8.1)
==666148==    by 0x4898DDA: ??? (in /usr/lib/x86_64-linux-gnu/libreadline.so.8.1)
==666148==    by 0x48A1C7E: rl_redisplay (in /usr/lib/x86_64-linux-gnu/libreadline.so.8.1)
==666148==    by 0x488C458: readline_internal_setup (in /usr/lib/x86_64-linux-gnu/libreadline.so.8.1)
==666148==    by 0x4896CF8: readline (in /usr/lib/x86_64-linux-gnu/libreadline.so.8.1)
==666148==    by 0x40138F: ft_program (in /home/cdesjars/Documents/42_submit/3rd_cercle/minishell_vf/minishell)
==666148==    by 0x40134A: main (in /home/cdesjars/Documents/42_submit/3rd_cercle/minishell_vf/minishell)
==666148== 
==666148== 1,024 bytes in 1 blocks are still reachable in loss record 36 of 66
==666148==    at 0x4848899: malloc (in /usr/libexec/valgrind/vgpreload_memcheck-amd64-linux.so)
==666148==    by 0x48AEBAC: xmalloc (in /usr/lib/x86_64-linux-gnu/libreadline.so.8.1)
==666148==    by 0x4898DE8: ??? (in /usr/lib/x86_64-linux-gnu/libreadline.so.8.1)
==666148==    by 0x48A1C7E: rl_redisplay (in /usr/lib/x86_64-linux-gnu/libreadline.so.8.1)
==666148==    by 0x488C458: readline_internal_setup (in /usr/lib/x86_64-linux-gnu/libreadline.so.8.1)
==666148==    by 0x4896CF8: readline (in /usr/lib/x86_64-linux-gnu/libreadline.so.8.1)
==666148==    by 0x40138F: ft_program (in /home/cdesjars/Documents/42_submit/3rd_cercle/minishell_vf/minishell)
==666148==    by 0x40134A: main (in /home/cdesjars/Documents/42_submit/3rd_cercle/minishell_vf/minishell)
==666148== 
==666148== 1,024 bytes in 1 blocks are still reachable in loss record 37 of 66
==666148==    at 0x4848899: malloc (in /usr/libexec/valgrind/vgpreload_memcheck-amd64-linux.so)
==666148==    by 0x48AEBAC: xmalloc (in /usr/lib/x86_64-linux-gnu/libreadline.so.8.1)
==666148==    by 0x4898DF6: ??? (in /usr/lib/x86_64-linux-gnu/libreadline.so.8.1)
==666148==    by 0x48A1C7E: rl_redisplay (in /usr/lib/x86_64-linux-gnu/libreadline.so.8.1)
==666148==    by 0x488C458: readline_internal_setup (in /usr/lib/x86_64-linux-gnu/libreadline.so.8.1)
==666148==    by 0x4896CF8: readline (in /usr/lib/x86_64-linux-gnu/libreadline.so.8.1)
==666148==    by 0x40138F: ft_program (in /home/cdesjars/Documents/42_submit/3rd_cercle/minishell_vf/minishell)
==666148==    by 0x40134A: main (in /home/cdesjars/Documents/42_submit/3rd_cercle/minishell_vf/minishell)
==666148== 
==666148== 1,536 bytes in 1 blocks are still reachable in loss record 38 of 66
==666148==    at 0x484DCD3: realloc (in /usr/libexec/valgrind/vgpreload_memcheck-amd64-linux.so)
==666148==    by 0x48AF491: xrealloc (in /usr/lib/x86_64-linux-gnu/libreadline.so.8.1)
==666148==    by 0x488C877: rl_add_funmap_entry (in /usr/lib/x86_64-linux-gnu/libreadline.so.8.1)
==666148==    by 0x488C8C8: rl_initialize_funmap (in /usr/lib/x86_64-linux-gnu/libreadline.so.8.1)
==666148==    by 0x4896A2C: rl_initialize (in /usr/lib/x86_64-linux-gnu/libreadline.so.8.1)
==666148==    by 0x4896CD4: readline (in /usr/lib/x86_64-linux-gnu/libreadline.so.8.1)
==666148==    by 0x40138F: ft_program (in /home/cdesjars/Documents/42_submit/3rd_cercle/minishell_vf/minishell)
==666148==    by 0x40134A: main (in /home/cdesjars/Documents/42_submit/3rd_cercle/minishell_vf/minishell)
==666148== 
==666148== 1,664 bytes in 1 blocks are still reachable in loss record 39 of 66
==666148==    at 0x4848899: malloc (in /usr/libexec/valgrind/vgpreload_memcheck-amd64-linux.so)
==666148==    by 0x4B0CACD: _nc_read_termtype (in /usr/lib/x86_64-linux-gnu/libtinfo.so.6.3)
==666148==    by 0x4B0D52A: ??? (in /usr/lib/x86_64-linux-gnu/libtinfo.so.6.3)
==666148==    by 0x4B0FC40: ??? (in /usr/lib/x86_64-linux-gnu/libtinfo.so.6.3)
==666148==    by 0x4B0D6BB: _nc_read_entry2 (in /usr/lib/x86_64-linux-gnu/libtinfo.so.6.3)
==666148==    by 0x4B0D711: ??? (in /usr/lib/x86_64-linux-gnu/libtinfo.so.6.3)
==666148==    by 0x4B0D866: _nc_setupterm (in /usr/lib/x86_64-linux-gnu/libtinfo.so.6.3)
==666148==    by 0x4B0E4C9: tgetent_sp (in /usr/lib/x86_64-linux-gnu/libtinfo.so.6.3)
==666148==    by 0x48AA1CD: _rl_init_terminal_io (in /usr/lib/x86_64-linux-gnu/libreadline.so.8.1)
==666148==    by 0x4896A0F: rl_initialize (in /usr/lib/x86_64-linux-gnu/libreadline.so.8.1)
==666148==    by 0x4896CD4: readline (in /usr/lib/x86_64-linux-gnu/libreadline.so.8.1)
==666148==    by 0x40138F: ft_program (in /home/cdesjars/Documents/42_submit/3rd_cercle/minishell_vf/minishell)
==666148== 
==666148== 2,032 bytes in 1 blocks are still reachable in loss record 40 of 66
==666148==    at 0x4848899: malloc (in /usr/libexec/valgrind/vgpreload_memcheck-amd64-linux.so)
==666148==    by 0x48AEBAC: xmalloc (in /usr/lib/x86_64-linux-gnu/libreadline.so.8.1)
==666148==    by 0x48AA419: _rl_init_terminal_io (in /usr/lib/x86_64-linux-gnu/libreadline.so.8.1)
==666148==    by 0x4896A0F: rl_initialize (in /usr/lib/x86_64-linux-gnu/libreadline.so.8.1)
==666148==    by 0x4896CD4: readline (in /usr/lib/x86_64-linux-gnu/libreadline.so.8.1)
==666148==    by 0x40138F: ft_program (in /home/cdesjars/Documents/42_submit/3rd_cercle/minishell_vf/minishell)
==666148==    by 0x40134A: main (in /home/cdesjars/Documents/42_submit/3rd_cercle/minishell_vf/minishell)
==666148== 
==666148== 2,240 bytes in 140 blocks are still reachable in loss record 41 of 66
==666148==    at 0x4848899: malloc (in /usr/libexec/valgrind/vgpreload_memcheck-amd64-linux.so)
==666148==    by 0x48AEBAC: xmalloc (in /usr/lib/x86_64-linux-gnu/libreadline.so.8.1)
==666148==    by 0x488C822: rl_add_funmap_entry (in /usr/lib/x86_64-linux-gnu/libreadline.so.8.1)
==666148==    by 0x488C8C8: rl_initialize_funmap (in /usr/lib/x86_64-linux-gnu/libreadline.so.8.1)
==666148==    by 0x4896A2C: rl_initialize (in /usr/lib/x86_64-linux-gnu/libreadline.so.8.1)
==666148==    by 0x4896CD4: readline (in /usr/lib/x86_64-linux-gnu/libreadline.so.8.1)
==666148==    by 0x40138F: ft_program (in /home/cdesjars/Documents/42_submit/3rd_cercle/minishell_vf/minishell)
==666148==    by 0x40134A: main (in /home/cdesjars/Documents/42_submit/3rd_cercle/minishell_vf/minishell)
==666148== 
==666148== 3,904 bytes in 1 blocks are still reachable in loss record 42 of 66
==666148==    at 0x484DCD3: realloc (in /usr/libexec/valgrind/vgpreload_memcheck-amd64-linux.so)
==666148==    by 0x4B026CC: _nc_doalloc (in /usr/lib/x86_64-linux-gnu/libtinfo.so.6.3)
==666148==    by 0x4B0D1B5: _nc_read_termtype (in /usr/lib/x86_64-linux-gnu/libtinfo.so.6.3)
==666148==    by 0x4B0D52A: ??? (in /usr/lib/x86_64-linux-gnu/libtinfo.so.6.3)
==666148==    by 0x4B0FC40: ??? (in /usr/lib/x86_64-linux-gnu/libtinfo.so.6.3)
==666148==    by 0x4B0D6BB: _nc_read_entry2 (in /usr/lib/x86_64-linux-gnu/libtinfo.so.6.3)
==666148==    by 0x4B0D711: ??? (in /usr/lib/x86_64-linux-gnu/libtinfo.so.6.3)
==666148==    by 0x4B0D866: _nc_setupterm (in /usr/lib/x86_64-linux-gnu/libtinfo.so.6.3)
==666148==    by 0x4B0E4C9: tgetent_sp (in /usr/lib/x86_64-linux-gnu/libtinfo.so.6.3)
==666148==    by 0x48AA1CD: _rl_init_terminal_io (in /usr/lib/x86_64-linux-gnu/libreadline.so.8.1)
==666148==    by 0x4896A0F: rl_initialize (in /usr/lib/x86_64-linux-gnu/libreadline.so.8.1)
==666148==    by 0x4896CD4: readline (in /usr/lib/x86_64-linux-gnu/libreadline.so.8.1)
==666148== 
==666148== 3,904 bytes in 1 blocks are still reachable in loss record 43 of 66
==666148==    at 0x4848899: malloc (in /usr/libexec/valgrind/vgpreload_memcheck-amd64-linux.so)
==666148==    by 0x4B01FFF: ??? (in /usr/lib/x86_64-linux-gnu/libtinfo.so.6.3)
==666148==    by 0x4B0D87D: _nc_setupterm (in /usr/lib/x86_64-linux-gnu/libtinfo.so.6.3)
==666148==    by 0x4B0E4C9: tgetent_sp (in /usr/lib/x86_64-linux-gnu/libtinfo.so.6.3)
==666148==    by 0x48AA1CD: _rl_init_terminal_io (in /usr/lib/x86_64-linux-gnu/libreadline.so.8.1)
==666148==    by 0x4896A0F: rl_initialize (in /usr/lib/x86_64-linux-gnu/libreadline.so.8.1)
==666148==    by 0x4896CD4: readline (in /usr/lib/x86_64-linux-gnu/libreadline.so.8.1)
==666148==    by 0x40138F: ft_program (in /home/cdesjars/Documents/42_submit/3rd_cercle/minishell_vf/minishell)
==666148==    by 0x40134A: main (in /home/cdesjars/Documents/42_submit/3rd_cercle/minishell_vf/minishell)
==666148== 
==666148== 4,016 bytes in 1 blocks are still reachable in loss record 44 of 66
==666148==    at 0x4848899: malloc (in /usr/libexec/valgrind/vgpreload_memcheck-amd64-linux.so)
==666148==    by 0x48AEBAC: xmalloc (in /usr/lib/x86_64-linux-gnu/libreadline.so.8.1)
==666148==    by 0x48A7FD6: add_history (in /usr/lib/x86_64-linux-gnu/libreadline.so.8.1)
==666148==    by 0x4013F2: ft_program (in /home/cdesjars/Documents/42_submit/3rd_cercle/minishell_vf/minishell)
==666148==    by 0x40134A: main (in /home/cdesjars/Documents/42_submit/3rd_cercle/minishell_vf/minishell)
==666148== 
==666148== 4,080 bytes in 1 blocks are still reachable in loss record 45 of 66
==666148==    at 0x4848899: malloc (in /usr/libexec/valgrind/vgpreload_memcheck-amd64-linux.so)
==666148==    by 0x48AEBAC: xmalloc (in /usr/lib/x86_64-linux-gnu/libreadline.so.8.1)
==666148==    by 0x48AA3F9: _rl_init_terminal_io (in /usr/lib/x86_64-linux-gnu/libreadline.so.8.1)
==666148==    by 0x4896A0F: rl_initialize (in /usr/lib/x86_64-linux-gnu/libreadline.so.8.1)
==666148==    by 0x4896CD4: readline (in /usr/lib/x86_64-linux-gnu/libreadline.so.8.1)
==666148==    by 0x40138F: ft_program (in /home/cdesjars/Documents/42_submit/3rd_cercle/minishell_vf/minishell)
==666148==    by 0x40134A: main (in /home/cdesjars/Documents/42_submit/3rd_cercle/minishell_vf/minishell)
==666148== 
==666148== 4,112 bytes in 1 blocks are still reachable in loss record 46 of 66
==666148==    at 0x4848899: malloc (in /usr/libexec/valgrind/vgpreload_memcheck-amd64-linux.so)
==666148==    by 0x48AEBAC: xmalloc (in /usr/lib/x86_64-linux-gnu/libreadline.so.8.1)
==666148==    by 0x488B251: rl_make_bare_keymap (in /usr/lib/x86_64-linux-gnu/libreadline.so.8.1)
==666148==    by 0x488BB6A: rl_generic_bind (in /usr/lib/x86_64-linux-gnu/libreadline.so.8.1)
==666148==    by 0x489675D: rl_bind_keyseq_if_unbound_in_map (in /usr/lib/x86_64-linux-gnu/libreadline.so.8.1)
==666148==    by 0x48A9DD5: ??? (in /usr/lib/x86_64-linux-gnu/libreadline.so.8.1)
==666148==    by 0x48AA31F: _rl_init_terminal_io (in /usr/lib/x86_64-linux-gnu/libreadline.so.8.1)
==666148==    by 0x4896A0F: rl_initialize (in /usr/lib/x86_64-linux-gnu/libreadline.so.8.1)
==666148==    by 0x4896CD4: readline (in /usr/lib/x86_64-linux-gnu/libreadline.so.8.1)
==666148==    by 0x40138F: ft_program (in /home/cdesjars/Documents/42_submit/3rd_cercle/minishell_vf/minishell)
==666148==    by 0x40134A: main (in /home/cdesjars/Documents/42_submit/3rd_cercle/minishell_vf/minishell)
==666148== 
==666148== 4,112 bytes in 1 blocks are still reachable in loss record 47 of 66
==666148==    at 0x4848899: malloc (in /usr/libexec/valgrind/vgpreload_memcheck-amd64-linux.so)
==666148==    by 0x48AEBAC: xmalloc (in /usr/lib/x86_64-linux-gnu/libreadline.so.8.1)
==666148==    by 0x488B251: rl_make_bare_keymap (in /usr/lib/x86_64-linux-gnu/libreadline.so.8.1)
==666148==    by 0x488BB6A: rl_generic_bind (in /usr/lib/x86_64-linux-gnu/libreadline.so.8.1)
==666148==    by 0x489675D: rl_bind_keyseq_if_unbound_in_map (in /usr/lib/x86_64-linux-gnu/libreadline.so.8.1)
==666148==    by 0x48A9E5A: ??? (in /usr/lib/x86_64-linux-gnu/libreadline.so.8.1)
==666148==    by 0x48AA31F: _rl_init_terminal_io (in /usr/lib/x86_64-linux-gnu/libreadline.so.8.1)
==666148==    by 0x4896A0F: rl_initialize (in /usr/lib/x86_64-linux-gnu/libreadline.so.8.1)
==666148==    by 0x4896CD4: readline (in /usr/lib/x86_64-linux-gnu/libreadline.so.8.1)
==666148==    by 0x40138F: ft_program (in /home/cdesjars/Documents/42_submit/3rd_cercle/minishell_vf/minishell)
==666148==    by 0x40134A: main (in /home/cdesjars/Documents/42_submit/3rd_cercle/minishell_vf/minishell)
==666148== 
==666148== 4,112 bytes in 1 blocks are still reachable in loss record 48 of 66
==666148==    at 0x4848899: malloc (in /usr/libexec/valgrind/vgpreload_memcheck-amd64-linux.so)
==666148==    by 0x48AEBAC: xmalloc (in /usr/lib/x86_64-linux-gnu/libreadline.so.8.1)
==666148==    by 0x488B251: rl_make_bare_keymap (in /usr/lib/x86_64-linux-gnu/libreadline.so.8.1)
==666148==    by 0x488BB6A: rl_generic_bind (in /usr/lib/x86_64-linux-gnu/libreadline.so.8.1)
==666148==    by 0x489675D: rl_bind_keyseq_if_unbound_in_map (in /usr/lib/x86_64-linux-gnu/libreadline.so.8.1)
==666148==    by 0x48A9E5A: ??? (in /usr/lib/x86_64-linux-gnu/libreadline.so.8.1)
==666148==    by 0x48AA32B: _rl_init_terminal_io (in /usr/lib/x86_64-linux-gnu/libreadline.so.8.1)
==666148==    by 0x4896A0F: rl_initialize (in /usr/lib/x86_64-linux-gnu/libreadline.so.8.1)
==666148==    by 0x4896CD4: readline (in /usr/lib/x86_64-linux-gnu/libreadline.so.8.1)
==666148==    by 0x40138F: ft_program (in /home/cdesjars/Documents/42_submit/3rd_cercle/minishell_vf/minishell)
==666148==    by 0x40134A: main (in /home/cdesjars/Documents/42_submit/3rd_cercle/minishell_vf/minishell)
==666148== 
==666148== 4,112 bytes in 1 blocks are still reachable in loss record 49 of 66
==666148==    at 0x4848899: malloc (in /usr/libexec/valgrind/vgpreload_memcheck-amd64-linux.so)
==666148==    by 0x48AEBAC: xmalloc (in /usr/lib/x86_64-linux-gnu/libreadline.so.8.1)
==666148==    by 0x488B251: rl_make_bare_keymap (in /usr/lib/x86_64-linux-gnu/libreadline.so.8.1)
==666148==    by 0x488BB6A: rl_generic_bind (in /usr/lib/x86_64-linux-gnu/libreadline.so.8.1)
==666148==    by 0x489675D: rl_bind_keyseq_if_unbound_in_map (in /usr/lib/x86_64-linux-gnu/libreadline.so.8.1)
==666148==    by 0x48A9E5A: ??? (in /usr/lib/x86_64-linux-gnu/libreadline.so.8.1)
==666148==    by 0x48AA337: _rl_init_terminal_io (in /usr/lib/x86_64-linux-gnu/libreadline.so.8.1)
==666148==    by 0x4896A0F: rl_initialize (in /usr/lib/x86_64-linux-gnu/libreadline.so.8.1)
==666148==    by 0x4896CD4: readline (in /usr/lib/x86_64-linux-gnu/libreadline.so.8.1)
==666148==    by 0x40138F: ft_program (in /home/cdesjars/Documents/42_submit/3rd_cercle/minishell_vf/minishell)
==666148==    by 0x40134A: main (in /home/cdesjars/Documents/42_submit/3rd_cercle/minishell_vf/minishell)
==666148== 
==666148== 4,112 bytes in 1 blocks are still reachable in loss record 50 of 66
==666148==    at 0x4848899: malloc (in /usr/libexec/valgrind/vgpreload_memcheck-amd64-linux.so)
==666148==    by 0x48AEBAC: xmalloc (in /usr/lib/x86_64-linux-gnu/libreadline.so.8.1)
==666148==    by 0x488B251: rl_make_bare_keymap (in /usr/lib/x86_64-linux-gnu/libreadline.so.8.1)
==666148==    by 0x488BB6A: rl_generic_bind (in /usr/lib/x86_64-linux-gnu/libreadline.so.8.1)
==666148==    by 0x489675D: rl_bind_keyseq_if_unbound_in_map (in /usr/lib/x86_64-linux-gnu/libreadline.so.8.1)
==666148==    by 0x489694C: ??? (in /usr/lib/x86_64-linux-gnu/libreadline.so.8.1)
==666148==    by 0x4896A84: rl_initialize (in /usr/lib/x86_64-linux-gnu/libreadline.so.8.1)
==666148==    by 0x4896CD4: readline (in /usr/lib/x86_64-linux-gnu/libreadline.so.8.1)
==666148==    by 0x40138F: ft_program (in /home/cdesjars/Documents/42_submit/3rd_cercle/minishell_vf/minishell)
==666148==    by 0x40134A: main (in /home/cdesjars/Documents/42_submit/3rd_cercle/minishell_vf/minishell)
==666148== 
==666148== 4,112 bytes in 1 blocks are still reachable in loss record 51 of 66
==666148==    at 0x4848899: malloc (in /usr/libexec/valgrind/vgpreload_memcheck-amd64-linux.so)
==666148==    by 0x48AEBAC: xmalloc (in /usr/lib/x86_64-linux-gnu/libreadline.so.8.1)
==666148==    by 0x488B251: rl_make_bare_keymap (in /usr/lib/x86_64-linux-gnu/libreadline.so.8.1)
==666148==    by 0x488BB6A: rl_generic_bind (in /usr/lib/x86_64-linux-gnu/libreadline.so.8.1)
==666148==    by 0x489675D: rl_bind_keyseq_if_unbound_in_map (in /usr/lib/x86_64-linux-gnu/libreadline.so.8.1)
==666148==    by 0x489694C: ??? (in /usr/lib/x86_64-linux-gnu/libreadline.so.8.1)
==666148==    by 0x4896A93: rl_initialize (in /usr/lib/x86_64-linux-gnu/libreadline.so.8.1)
==666148==    by 0x4896CD4: readline (in /usr/lib/x86_64-linux-gnu/libreadline.so.8.1)
==666148==    by 0x40138F: ft_program (in /home/cdesjars/Documents/42_submit/3rd_cercle/minishell_vf/minishell)
==666148==    by 0x40134A: main (in /home/cdesjars/Documents/42_submit/3rd_cercle/minishell_vf/minishell)
==666148== 
==666148== 4,112 bytes in 1 blocks are still reachable in loss record 52 of 66
==666148==    at 0x4848899: malloc (in /usr/libexec/valgrind/vgpreload_memcheck-amd64-linux.so)
==666148==    by 0x48AEBAC: xmalloc (in /usr/lib/x86_64-linux-gnu/libreadline.so.8.1)
==666148==    by 0x488B251: rl_make_bare_keymap (in /usr/lib/x86_64-linux-gnu/libreadline.so.8.1)
==666148==    by 0x488BB6A: rl_generic_bind (in /usr/lib/x86_64-linux-gnu/libreadline.so.8.1)
==666148==    by 0x489675D: rl_bind_keyseq_if_unbound_in_map (in /usr/lib/x86_64-linux-gnu/libreadline.so.8.1)
==666148==    by 0x489694C: ??? (in /usr/lib/x86_64-linux-gnu/libreadline.so.8.1)
==666148==    by 0x4896AB8: rl_initialize (in /usr/lib/x86_64-linux-gnu/libreadline.so.8.1)
==666148==    by 0x4896CD4: readline (in /usr/lib/x86_64-linux-gnu/libreadline.so.8.1)
==666148==    by 0x40138F: ft_program (in /home/cdesjars/Documents/42_submit/3rd_cercle/minishell_vf/minishell)
==666148==    by 0x40134A: main (in /home/cdesjars/Documents/42_submit/3rd_cercle/minishell_vf/minishell)
==666148== 
==666148== 7,952 bytes in 1 blocks are still reachable in loss record 53 of 66
==666148==    at 0x484DA83: calloc (in /usr/libexec/valgrind/vgpreload_memcheck-amd64-linux.so)
==666148==    by 0x4B00C97: ??? (in /usr/lib/x86_64-linux-gnu/libtinfo.so.6.3)
==666148==    by 0x4B023AF: _nc_find_type_entry (in /usr/lib/x86_64-linux-gnu/libtinfo.so.6.3)
==666148==    by 0x4B04E4C: tgetstr_sp (in /usr/lib/x86_64-linux-gnu/libtinfo.so.6.3)
==666148==    by 0x48AA21A: _rl_init_terminal_io (in /usr/lib/x86_64-linux-gnu/libreadline.so.8.1)
==666148==    by 0x4896A0F: rl_initialize (in /usr/lib/x86_64-linux-gnu/libreadline.so.8.1)
==666148==    by 0x4896CD4: readline (in /usr/lib/x86_64-linux-gnu/libreadline.so.8.1)
==666148==    by 0x40138F: ft_program (in /home/cdesjars/Documents/42_submit/3rd_cercle/minishell_vf/minishell)
==666148==    by 0x40134A: main (in /home/cdesjars/Documents/42_submit/3rd_cercle/minishell_vf/minishell)
==666148== 
==666148== 8,224 bytes in 2 blocks are still reachable in loss record 54 of 66
==666148==    at 0x4848899: malloc (in /usr/libexec/valgrind/vgpreload_memcheck-amd64-linux.so)
==666148==    by 0x48AEBAC: xmalloc (in /usr/lib/x86_64-linux-gnu/libreadline.so.8.1)
==666148==    by 0x488B251: rl_make_bare_keymap (in /usr/lib/x86_64-linux-gnu/libreadline.so.8.1)
==666148==    by 0x488BB6A: rl_generic_bind (in /usr/lib/x86_64-linux-gnu/libreadline.so.8.1)
==666148==    by 0x489675D: rl_bind_keyseq_if_unbound_in_map (in /usr/lib/x86_64-linux-gnu/libreadline.so.8.1)
==666148==    by 0x48A9E47: ??? (in /usr/lib/x86_64-linux-gnu/libreadline.so.8.1)
==666148==    by 0x48AA31F: _rl_init_terminal_io (in /usr/lib/x86_64-linux-gnu/libreadline.so.8.1)
==666148==    by 0x4896A0F: rl_initialize (in /usr/lib/x86_64-linux-gnu/libreadline.so.8.1)
==666148==    by 0x4896CD4: readline (in /usr/lib/x86_64-linux-gnu/libreadline.so.8.1)
==666148==    by 0x40138F: ft_program (in /home/cdesjars/Documents/42_submit/3rd_cercle/minishell_vf/minishell)
==666148==    by 0x40134A: main (in /home/cdesjars/Documents/42_submit/3rd_cercle/minishell_vf/minishell)
==666148== 
==666148== 8,224 bytes in 2 blocks are still reachable in loss record 55 of 66
==666148==    at 0x4848899: malloc (in /usr/libexec/valgrind/vgpreload_memcheck-amd64-linux.so)
==666148==    by 0x48AEBAC: xmalloc (in /usr/lib/x86_64-linux-gnu/libreadline.so.8.1)
==666148==    by 0x488B251: rl_make_bare_keymap (in /usr/lib/x86_64-linux-gnu/libreadline.so.8.1)
==666148==    by 0x488BB6A: rl_generic_bind (in /usr/lib/x86_64-linux-gnu/libreadline.so.8.1)
==666148==    by 0x489675D: rl_bind_keyseq_if_unbound_in_map (in /usr/lib/x86_64-linux-gnu/libreadline.so.8.1)
==666148==    by 0x48A9DD5: ??? (in /usr/lib/x86_64-linux-gnu/libreadline.so.8.1)
==666148==    by 0x48AA32B: _rl_init_terminal_io (in /usr/lib/x86_64-linux-gnu/libreadline.so.8.1)
==666148==    by 0x4896A0F: rl_initialize (in /usr/lib/x86_64-linux-gnu/libreadline.so.8.1)
==666148==    by 0x4896CD4: readline (in /usr/lib/x86_64-linux-gnu/libreadline.so.8.1)
==666148==    by 0x40138F: ft_program (in /home/cdesjars/Documents/42_submit/3rd_cercle/minishell_vf/minishell)
==666148==    by 0x40134A: main (in /home/cdesjars/Documents/42_submit/3rd_cercle/minishell_vf/minishell)
==666148== 
==666148== 8,224 bytes in 2 blocks are still reachable in loss record 56 of 66
==666148==    at 0x4848899: malloc (in /usr/libexec/valgrind/vgpreload_memcheck-amd64-linux.so)
==666148==    by 0x48AEBAC: xmalloc (in /usr/lib/x86_64-linux-gnu/libreadline.so.8.1)
==666148==    by 0x488B251: rl_make_bare_keymap (in /usr/lib/x86_64-linux-gnu/libreadline.so.8.1)
==666148==    by 0x488BB6A: rl_generic_bind (in /usr/lib/x86_64-linux-gnu/libreadline.so.8.1)
==666148==    by 0x489675D: rl_bind_keyseq_if_unbound_in_map (in /usr/lib/x86_64-linux-gnu/libreadline.so.8.1)
==666148==    by 0x48A9E47: ??? (in /usr/lib/x86_64-linux-gnu/libreadline.so.8.1)
==666148==    by 0x48AA32B: _rl_init_terminal_io (in /usr/lib/x86_64-linux-gnu/libreadline.so.8.1)
==666148==    by 0x4896A0F: rl_initialize (in /usr/lib/x86_64-linux-gnu/libreadline.so.8.1)
==666148==    by 0x4896CD4: readline (in /usr/lib/x86_64-linux-gnu/libreadline.so.8.1)
==666148==    by 0x40138F: ft_program (in /home/cdesjars/Documents/42_submit/3rd_cercle/minishell_vf/minishell)
==666148==    by 0x40134A: main (in /home/cdesjars/Documents/42_submit/3rd_cercle/minishell_vf/minishell)
==666148== 
==666148== 8,224 bytes in 2 blocks are still reachable in loss record 57 of 66
==666148==    at 0x4848899: malloc (in /usr/libexec/valgrind/vgpreload_memcheck-amd64-linux.so)
==666148==    by 0x48AEBAC: xmalloc (in /usr/lib/x86_64-linux-gnu/libreadline.so.8.1)
==666148==    by 0x488B251: rl_make_bare_keymap (in /usr/lib/x86_64-linux-gnu/libreadline.so.8.1)
==666148==    by 0x488BB6A: rl_generic_bind (in /usr/lib/x86_64-linux-gnu/libreadline.so.8.1)
==666148==    by 0x489675D: rl_bind_keyseq_if_unbound_in_map (in /usr/lib/x86_64-linux-gnu/libreadline.so.8.1)
==666148==    by 0x48A9DD5: ??? (in /usr/lib/x86_64-linux-gnu/libreadline.so.8.1)
==666148==    by 0x48AA337: _rl_init_terminal_io (in /usr/lib/x86_64-linux-gnu/libreadline.so.8.1)
==666148==    by 0x4896A0F: rl_initialize (in /usr/lib/x86_64-linux-gnu/libreadline.so.8.1)
==666148==    by 0x4896CD4: readline (in /usr/lib/x86_64-linux-gnu/libreadline.so.8.1)
==666148==    by 0x40138F: ft_program (in /home/cdesjars/Documents/42_submit/3rd_cercle/minishell_vf/minishell)
==666148==    by 0x40134A: main (in /home/cdesjars/Documents/42_submit/3rd_cercle/minishell_vf/minishell)
==666148== 
==666148== 8,224 bytes in 2 blocks are still reachable in loss record 58 of 66
==666148==    at 0x4848899: malloc (in /usr/libexec/valgrind/vgpreload_memcheck-amd64-linux.so)
==666148==    by 0x48AEBAC: xmalloc (in /usr/lib/x86_64-linux-gnu/libreadline.so.8.1)
==666148==    by 0x488B251: rl_make_bare_keymap (in /usr/lib/x86_64-linux-gnu/libreadline.so.8.1)
==666148==    by 0x488BB6A: rl_generic_bind (in /usr/lib/x86_64-linux-gnu/libreadline.so.8.1)
==666148==    by 0x489675D: rl_bind_keyseq_if_unbound_in_map (in /usr/lib/x86_64-linux-gnu/libreadline.so.8.1)
==666148==    by 0x48A9E47: ??? (in /usr/lib/x86_64-linux-gnu/libreadline.so.8.1)
==666148==    by 0x48AA337: _rl_init_terminal_io (in /usr/lib/x86_64-linux-gnu/libreadline.so.8.1)
==666148==    by 0x4896A0F: rl_initialize (in /usr/lib/x86_64-linux-gnu/libreadline.so.8.1)
==666148==    by 0x4896CD4: readline (in /usr/lib/x86_64-linux-gnu/libreadline.so.8.1)
==666148==    by 0x40138F: ft_program (in /home/cdesjars/Documents/42_submit/3rd_cercle/minishell_vf/minishell)
==666148==    by 0x40134A: main (in /home/cdesjars/Documents/42_submit/3rd_cercle/minishell_vf/minishell)
==666148== 
==666148== 8,224 bytes in 2 blocks are still reachable in loss record 59 of 66
==666148==    at 0x4848899: malloc (in /usr/libexec/valgrind/vgpreload_memcheck-amd64-linux.so)
==666148==    by 0x48AEBAC: xmalloc (in /usr/lib/x86_64-linux-gnu/libreadline.so.8.1)
==666148==    by 0x488B251: rl_make_bare_keymap (in /usr/lib/x86_64-linux-gnu/libreadline.so.8.1)
==666148==    by 0x488BB6A: rl_generic_bind (in /usr/lib/x86_64-linux-gnu/libreadline.so.8.1)
==666148==    by 0x489675D: rl_bind_keyseq_if_unbound_in_map (in /usr/lib/x86_64-linux-gnu/libreadline.so.8.1)
==666148==    by 0x489693D: ??? (in /usr/lib/x86_64-linux-gnu/libreadline.so.8.1)
==666148==    by 0x4896A84: rl_initialize (in /usr/lib/x86_64-linux-gnu/libreadline.so.8.1)
==666148==    by 0x4896CD4: readline (in /usr/lib/x86_64-linux-gnu/libreadline.so.8.1)
==666148==    by 0x40138F: ft_program (in /home/cdesjars/Documents/42_submit/3rd_cercle/minishell_vf/minishell)
==666148==    by 0x40134A: main (in /home/cdesjars/Documents/42_submit/3rd_cercle/minishell_vf/minishell)
==666148== 
==666148== 8,224 bytes in 2 blocks are still reachable in loss record 60 of 66
==666148==    at 0x4848899: malloc (in /usr/libexec/valgrind/vgpreload_memcheck-amd64-linux.so)
==666148==    by 0x48AEBAC: xmalloc (in /usr/lib/x86_64-linux-gnu/libreadline.so.8.1)
==666148==    by 0x488B251: rl_make_bare_keymap (in /usr/lib/x86_64-linux-gnu/libreadline.so.8.1)
==666148==    by 0x488BB6A: rl_generic_bind (in /usr/lib/x86_64-linux-gnu/libreadline.so.8.1)
==666148==    by 0x489675D: rl_bind_keyseq_if_unbound_in_map (in /usr/lib/x86_64-linux-gnu/libreadline.so.8.1)
==666148==    by 0x489693D: ??? (in /usr/lib/x86_64-linux-gnu/libreadline.so.8.1)
==666148==    by 0x4896A93: rl_initialize (in /usr/lib/x86_64-linux-gnu/libreadline.so.8.1)
==666148==    by 0x4896CD4: readline (in /usr/lib/x86_64-linux-gnu/libreadline.so.8.1)
==666148==    by 0x40138F: ft_program (in /home/cdesjars/Documents/42_submit/3rd_cercle/minishell_vf/minishell)
==666148==    by 0x40134A: main (in /home/cdesjars/Documents/42_submit/3rd_cercle/minishell_vf/minishell)
==666148== 
==666148== 8,224 bytes in 2 blocks are still reachable in loss record 61 of 66
==666148==    at 0x4848899: malloc (in /usr/libexec/valgrind/vgpreload_memcheck-amd64-linux.so)
==666148==    by 0x48AEBAC: xmalloc (in /usr/lib/x86_64-linux-gnu/libreadline.so.8.1)
==666148==    by 0x488B251: rl_make_bare_keymap (in /usr/lib/x86_64-linux-gnu/libreadline.so.8.1)
==666148==    by 0x488BB6A: rl_generic_bind (in /usr/lib/x86_64-linux-gnu/libreadline.so.8.1)
==666148==    by 0x489675D: rl_bind_keyseq_if_unbound_in_map (in /usr/lib/x86_64-linux-gnu/libreadline.so.8.1)
==666148==    by 0x489693D: ??? (in /usr/lib/x86_64-linux-gnu/libreadline.so.8.1)
==666148==    by 0x4896AB8: rl_initialize (in /usr/lib/x86_64-linux-gnu/libreadline.so.8.1)
==666148==    by 0x4896CD4: readline (in /usr/lib/x86_64-linux-gnu/libreadline.so.8.1)
==666148==    by 0x40138F: ft_program (in /home/cdesjars/Documents/42_submit/3rd_cercle/minishell_vf/minishell)
==666148==    by 0x40134A: main (in /home/cdesjars/Documents/42_submit/3rd_cercle/minishell_vf/minishell)
==666148== 
==666148== 8,224 bytes in 2 blocks are still reachable in loss record 62 of 66
==666148==    at 0x4848899: malloc (in /usr/libexec/valgrind/vgpreload_memcheck-amd64-linux.so)
==666148==    by 0x48AEBAC: xmalloc (in /usr/lib/x86_64-linux-gnu/libreadline.so.8.1)
==666148==    by 0x488B251: rl_make_bare_keymap (in /usr/lib/x86_64-linux-gnu/libreadline.so.8.1)
==666148==    by 0x488BB6A: rl_generic_bind (in /usr/lib/x86_64-linux-gnu/libreadline.so.8.1)
==666148==    by 0x489675D: rl_bind_keyseq_if_unbound_in_map (in /usr/lib/x86_64-linux-gnu/libreadline.so.8.1)
==666148==    by 0x4896AD2: rl_initialize (in /usr/lib/x86_64-linux-gnu/libreadline.so.8.1)
==666148==    by 0x4896CD4: readline (in /usr/lib/x86_64-linux-gnu/libreadline.so.8.1)
==666148==    by 0x40138F: ft_program (in /home/cdesjars/Documents/42_submit/3rd_cercle/minishell_vf/minishell)
==666148==    by 0x40134A: main (in /home/cdesjars/Documents/42_submit/3rd_cercle/minishell_vf/minishell)
==666148== 
==666148== 8,224 bytes in 2 blocks are still reachable in loss record 63 of 66
==666148==    at 0x4848899: malloc (in /usr/libexec/valgrind/vgpreload_memcheck-amd64-linux.so)
==666148==    by 0x48AEBAC: xmalloc (in /usr/lib/x86_64-linux-gnu/libreadline.so.8.1)
==666148==    by 0x488B251: rl_make_bare_keymap (in /usr/lib/x86_64-linux-gnu/libreadline.so.8.1)
==666148==    by 0x488BB6A: rl_generic_bind (in /usr/lib/x86_64-linux-gnu/libreadline.so.8.1)
==666148==    by 0x489675D: rl_bind_keyseq_if_unbound_in_map (in /usr/lib/x86_64-linux-gnu/libreadline.so.8.1)
==666148==    by 0x4896AE1: rl_initialize (in /usr/lib/x86_64-linux-gnu/libreadline.so.8.1)
==666148==    by 0x4896CD4: readline (in /usr/lib/x86_64-linux-gnu/libreadline.so.8.1)
==666148==    by 0x40138F: ft_program (in /home/cdesjars/Documents/42_submit/3rd_cercle/minishell_vf/minishell)
==666148==    by 0x40134A: main (in /home/cdesjars/Documents/42_submit/3rd_cercle/minishell_vf/minishell)
==666148== 
==666148== 12,336 bytes in 3 blocks are still reachable in loss record 64 of 66
==666148==    at 0x4848899: malloc (in /usr/libexec/valgrind/vgpreload_memcheck-amd64-linux.so)
==666148==    by 0x48AEBAC: xmalloc (in /usr/lib/x86_64-linux-gnu/libreadline.so.8.1)
==666148==    by 0x488B251: rl_make_bare_keymap (in /usr/lib/x86_64-linux-gnu/libreadline.so.8.1)
==666148==    by 0x488BB6A: rl_generic_bind (in /usr/lib/x86_64-linux-gnu/libreadline.so.8.1)
==666148==    by 0x489675D: rl_bind_keyseq_if_unbound_in_map (in /usr/lib/x86_64-linux-gnu/libreadline.so.8.1)
==666148==    by 0x4896914: ??? (in /usr/lib/x86_64-linux-gnu/libreadline.so.8.1)
==666148==    by 0x4896A93: rl_initialize (in /usr/lib/x86_64-linux-gnu/libreadline.so.8.1)
==666148==    by 0x4896CD4: readline (in /usr/lib/x86_64-linux-gnu/libreadline.so.8.1)
==666148==    by 0x40138F: ft_program (in /home/cdesjars/Documents/42_submit/3rd_cercle/minishell_vf/minishell)
==666148==    by 0x40134A: main (in /home/cdesjars/Documents/42_submit/3rd_cercle/minishell_vf/minishell)
==666148== 
==666148== 12,336 bytes in 3 blocks are still reachable in loss record 65 of 66
==666148==    at 0x4848899: malloc (in /usr/libexec/valgrind/vgpreload_memcheck-amd64-linux.so)
==666148==    by 0x48AEBAC: xmalloc (in /usr/lib/x86_64-linux-gnu/libreadline.so.8.1)
==666148==    by 0x488B251: rl_make_bare_keymap (in /usr/lib/x86_64-linux-gnu/libreadline.so.8.1)
==666148==    by 0x488BB6A: rl_generic_bind (in /usr/lib/x86_64-linux-gnu/libreadline.so.8.1)
==666148==    by 0x489675D: rl_bind_keyseq_if_unbound_in_map (in /usr/lib/x86_64-linux-gnu/libreadline.so.8.1)
==666148==    by 0x4896914: ??? (in /usr/lib/x86_64-linux-gnu/libreadline.so.8.1)
==666148==    by 0x4896AB8: rl_initialize (in /usr/lib/x86_64-linux-gnu/libreadline.so.8.1)
==666148==    by 0x4896CD4: readline (in /usr/lib/x86_64-linux-gnu/libreadline.so.8.1)
==666148==    by 0x40138F: ft_program (in /home/cdesjars/Documents/42_submit/3rd_cercle/minishell_vf/minishell)
==666148==    by 0x40134A: main (in /home/cdesjars/Documents/42_submit/3rd_cercle/minishell_vf/minishell)
==666148== 
==666148== 28,784 bytes in 7 blocks are still reachable in loss record 66 of 66
==666148==    at 0x4848899: malloc (in /usr/libexec/valgrind/vgpreload_memcheck-amd64-linux.so)
==666148==    by 0x48AEBAC: xmalloc (in /usr/lib/x86_64-linux-gnu/libreadline.so.8.1)
==666148==    by 0x488B251: rl_make_bare_keymap (in /usr/lib/x86_64-linux-gnu/libreadline.so.8.1)
==666148==    by 0x488BB6A: rl_generic_bind (in /usr/lib/x86_64-linux-gnu/libreadline.so.8.1)
==666148==    by 0x489C99E: rl_parse_and_bind (in /usr/lib/x86_64-linux-gnu/libreadline.so.8.1)
==666148==    by 0x489CB6C: ??? (in /usr/lib/x86_64-linux-gnu/libreadline.so.8.1)
==666148==    by 0x4896A38: rl_initialize (in /usr/lib/x86_64-linux-gnu/libreadline.so.8.1)
==666148==    by 0x4896CD4: readline (in /usr/lib/x86_64-linux-gnu/libreadline.so.8.1)
==666148==    by 0x40138F: ft_program (in /home/cdesjars/Documents/42_submit/3rd_cercle/minishell_vf/minishell)
==666148==    by 0x40134A: main (in /home/cdesjars/Documents/42_submit/3rd_cercle/minishell_vf/minishell)
==666148== 
==666148== LEAK SUMMARY:
==666148==    definitely lost: 0 bytes in 0 blocks
==666148==    indirectly lost: 0 bytes in 0 blocks
==666148==      possibly lost: 0 bytes in 0 blocks
==666148==    still reachable: 208,414 bytes in 237 blocks
==666148==         suppressed: 0 bytes in 0 blocks
==666148== 
==666148== For lists of detected and suppressed errors, rerun with: -s
==666148== ERROR SUMMARY: 0 errors from 0 contexts (suppressed: 0 from 0)
